<?xml version="1.0" encoding="UTF-8"?>
<testng-results ignored="0" total="1" passed="1" failed="0" skipped="0">
  <reporter-output>
  </reporter-output>
  <suite started-at="2023-07-12T23:44:04 EET" name="Default suite" finished-at="2023-07-12T23:44:41 EET" duration-ms="37315">
    <groups>
    </groups>
    <test started-at="2023-07-12T23:44:04 EET" name="Default test" finished-at="2023-07-12T23:44:41 EET" duration-ms="37315">
      <class name="MAHMOUD_QE.framework.ecommerce_tc4_Hybrid">
        <test-method is-config="true" signature="ConfigureAppium()[pri:0, instance:MAHMOUD_QE.framework.ecommerce_tc4_Hybrid@1d296da]" started-at="2023-07-12T23:44:04 EET" name="ConfigureAppium" finished-at="2023-07-12T23:44:19 EET" duration-ms="15217" status="PASS">
          <reporter-output>
          </reporter-output>
        </test-method> <!-- ConfigureAppium -->
        <test-method signature="FillForm()[pri:0, instance:MAHMOUD_QE.framework.ecommerce_tc4_Hybrid@1d296da]" started-at="2023-07-12T23:44:19 EET" name="FillForm" finished-at="2023-07-12T23:44:41 EET" duration-ms="21400" status="PASS">
          <reporter-output>
          </reporter-output>
        </test-method> <!-- FillForm -->
        <test-method is-config="true" signature="tearDown()[pri:0, instance:MAHMOUD_QE.framework.ecommerce_tc4_Hybrid@1d296da]" started-at="2023-07-12T23:44:41 EET" name="tearDown" finished-at="2023-07-12T23:44:41 EET" duration-ms="645" status="PASS">
          <reporter-output>
          </reporter-output>
        </test-method> <!-- tearDown -->
      </class> <!-- MAHMOUD_QE.framework.ecommerce_tc4_Hybrid -->
    </test> <!-- Default test -->
  </suite> <!-- Default suite -->
</testng-results>
